COMPAQ casa - AMD64

(file-to-mdtext-iln "oslusiadas.txt")
Real time: 5.320844 sec.
Run time: 5.320333 sec.
Space: 131135168 Bytes
GC: 35, GC time: 0.364025 sec.

(words-to-sql *word-table*)
Real time: 0.36528 sec.
Run time: 0.360023 sec.
Space: 26363616 Bytes
GC: 7, GC time: 0.080006 sec.

(mdtext-iln-to-sql book 1 1 1 1)
Real time: 2.670594 sec.
Run time: 2.660167 sec.
Space: 226682024 Bytes
GC: 29, GC time: 0.376023 sec.

(mdtext-iln-to-txt book)
Real time: 0.141047 sec.
Run time: 0.136009 sec.
Space: 12078392 Bytes
GC: 3, GC time: 0.012001 sec.


